# JRE version: OpenJDK Runtime Environment (16.0.2+7) (build 16.0.2+7-67)
# Java VM: OpenJDK 64-Bit Server VM (16.0.2+7-67, mixed mode, sharing, tiered, compressed oops, compressed class ptrs, g1 gc, windows-amd64)
GC Precious Log:
 CPUs: 4 total, 4 available
 Memory: 3974M
 Large Page Support: Disabled
 NUMA Support: Disabled
 Compressed Oops: Enabled (32-bit)
 Heap Region Size: 1M
 Heap Min Capacity: 8M
 Heap Initial Capacity: 64M
 Heap Max Capacity: 994M
 Pre-touch: Disabled
 Parallel Workers: 4
 Concurrent Workers: 1
 Concurrent Refinement Workers: 4
 Periodic GC: Disabled
Heap:
 garbage-first heap   total 73728K, used 34462K [0x00000000c1e00000, 0x0000000100000000)
  region size 1024K, 1 young (1024K), 1 survivors (1024K)
 Metaspace       used 59716K, committed 60352K, reserved 1105920K
  class space    used 6866K, committed 7168K, reserved 1048576K
GC Heap History (20 events):
Event: 2442151.075 GC heap after
{Heap after GC invocations=3300 (full 2):
 garbage-first heap   total 73728K, used 34336K [0x00000000c1e00000, 0x0000000100000000)
  region size 1024K, 2 young (2048K), 2 survivors (2048K)
 Metaspace       used 59624K, committed 60288K, reserved 1105920K
  class space    used 6861K, committed 7168K, reserved 1048576K
}
Event: 2442238.505 GC heap before
{Heap before GC invocations=3301 (full 2):
 garbage-first heap   total 73728K, used 60960K [0x00000000c1e00000, 0x0000000100000000)
  region size 1024K, 29 young (29696K), 2 survivors (2048K)
 Metaspace       used 59641K, committed 60288K, reserved 1105920K
  class space    used 6864K, committed 7168K, reserved 1048576K
}
Event: 2442238.575 GC heap after
{Heap after GC invocations=3302 (full 2):
 garbage-first heap   total 73728K, used 34651K [0x00000000c1e00000, 0x0000000100000000)
  region size 1024K, 3 young (3072K), 3 survivors (3072K)
 Metaspace       used 59641K, committed 60288K, reserved 1105920K
  class space    used 6864K, committed 7168K, reserved 1048576K
}
Event: 2442428.049 GC heap before
{Heap before GC invocations=3302 (full 2):
 garbage-first heap   total 73728K, used 60251K [0x00000000c1e00000, 0x0000000100000000)
  region size 1024K, 28 young (28672K), 3 survivors (3072K)
 Metaspace       used 59641K, committed 60288K, reserved 1105920K
  class space    used 6864K, committed 7168K, reserved 1048576K
}
Event: 2442428.286 GC heap after
{Heap after GC invocations=3303 (full 2):
 garbage-first heap   total 73728K, used 34588K [0x00000000c1e00000, 0x0000000100000000)
  region size 1024K, 2 young (2048K), 2 survivors (2048K)
 Metaspace       used 59641K, committed 60288K, reserved 1105920K
  class space    used 6864K, committed 7168K, reserved 1048576K
}
Event: 2442625.324 GC heap before
{Heap before GC invocations=3304 (full 2):
 garbage-first heap   total 73728K, used 62236K [0x00000000c1e00000, 0x0000000100000000)
  region size 1024K, 29 young (29696K), 2 survivors (2048K)
 Metaspace       used 59656K, committed 60352K, reserved 1105920K
  class space    used 6865K, committed 7168K, reserved 1048576K
}
Event: 2442625.447 GC heap after
{Heap after GC invocations=3305 (full 2):
 garbage-first heap   total 73728K, used 34607K [0x00000000c1e00000, 0x0000000100000000)
  region size 1024K, 2 young (2048K), 2 survivors (2048K)
 Metaspace       used 59656K, committed 60352K, reserved 1105920K
  class space    used 6865K, committed 7168K, reserved 1048576K
}
Event: 2442819.827 GC heap before
{Heap before GC invocations=3305 (full 2):
 garbage-first heap   total 73728K, used 62255K [0x00000000c1e00000, 0x0000000100000000)
  region size 1024K, 29 young (29696K), 2 survivors (2048K)
 Metaspace       used 59716K, committed 60352K, reserved 1105920K
  class space    used 6866K, committed 7168K, reserved 1048576K
}
Event: 2442821.304 GC heap after
{Heap after GC invocations=3306 (full 2):
 garbage-first heap   total 73728K, used 34438K [0x00000000c1e00000, 0x0000000100000000)
  region size 1024K, 2 young (2048K), 2 survivors (2048K)
 Metaspace       used 59716K, committed 60352K, reserved 1105920K
  class space    used 6866K, committed 7168K, reserved 1048576K
}
Event: 2442829.071 GC heap before
{Heap before GC invocations=3307 (full 2):
 garbage-first heap   total 73728K, used 35462K [0x00000000c1e00000, 0x0000000100000000)
  region size 1024K, 3 young (3072K), 2 survivors (2048K)
 Metaspace       used 59716K, committed 60352K, reserved 1105920K
  class space    used 6866K, committed 7168K, reserved 1048576K
}
Event: 2444026.120 GC heap after
{Heap after GC invocations=3308 (full 2):
 garbage-first heap   total 73728K, used 34468K [0x00000000c1e00000, 0x0000000100000000)
  region size 1024K, 1 young (1024K), 1 survivors (1024K)
 Metaspace       used 59716K, committed 60352K, reserved 1105920K
  class space    used 6866K, committed 7168K, reserved 1048576K
}
Event: 2444041.795 GC heap before
{Heap before GC invocations=3308 (full 2):
 garbage-first heap   total 73728K, used 36516K [0x00000000c1e00000, 0x0000000100000000)
  region size 1024K, 3 young (3072K), 1 survivors (1024K)
 Metaspace       used 59716K, committed 60352K, reserved 1105920K
  class space    used 6866K, committed 7168K, reserved 1048576K
}
Event: 2444041.798 GC heap after
{Heap after GC invocations=3309 (full 2):
 garbage-first heap   total 73728K, used 34288K [0x00000000c1e00000, 0x0000000100000000)
  region size 1024K, 1 young (1024K), 1 survivors (1024K)
 Metaspace       used 59716K, committed 60352K, reserved 1105920K
  class space    used 6866K, committed 7168K, reserved 1048576K
}
Event: 2444053.060 GC heap before
{Heap before GC invocations=3309 (full 2):
 garbage-first heap   total 73728K, used 36336K [0x00000000c1e00000, 0x0000000100000000)
  region size 1024K, 3 young (3072K), 1 survivors (1024K)
 Metaspace       used 59716K, committed 60352K, reserved 1105920K
  class space    used 6866K, committed 7168K, reserved 1048576K
}
Event: 2444053.073 GC heap after
{Heap after GC invocations=3310 (full 2):
 garbage-first heap   total 73728K, used 34298K [0x00000000c1e00000, 0x0000000100000000)
  region size 1024K, 1 young (1024K), 1 survivors (1024K)
 Metaspace       used 59716K, committed 60352K, reserved 1105920K
  class space    used 6866K, committed 7168K, reserved 1048576K
}
Event: 2444053.280 GC heap before
{Heap before GC invocations=3310 (full 2):
 garbage-first heap   total 73728K, used 36346K [0x00000000c1e00000, 0x0000000100000000)
  region size 1024K, 3 young (3072K), 1 survivors (1024K)
 Metaspace       used 59716K, committed 60352K, reserved 1105920K
  class space    used 6866K, committed 7168K, reserved 1048576K
}
Event: 2444053.283 GC heap after
{Heap after GC invocations=3311 (full 2):
 garbage-first heap   total 73728K, used 34336K [0x00000000c1e00000, 0x0000000100000000)
  region size 1024K, 1 young (1024K), 1 survivors (1024K)
 Metaspace       used 59716K, committed 60352K, reserved 1105920K
  class space    used 6866K, committed 7168K, reserved 1048576K
}
Event: 2444053.302 GC heap before
{Heap before GC invocations=3311 (full 2):
 garbage-first heap   total 73728K, used 35360K [0x00000000c1e00000, 0x0000000100000000)
  region size 1024K, 3 young (3072K), 1 survivors (1024K)
 Metaspace       used 59716K, committed 60352K, reserved 1105920K
  class space    used 6866K, committed 7168K, reserved 1048576K
}
Event: 2444053.306 GC heap after
{Heap after GC invocations=3312 (full 2):
 garbage-first heap   total 73728K, used 34392K [0x00000000c1e00000, 0x0000000100000000)
  region size 1024K, 1 young (1024K), 1 survivors (1024K)
 Metaspace       used 59716K, committed 60352K, reserved 1105920K
  class space    used 6866K, committed 7168K, reserved 1048576K
}
Event: 2444053.335 GC heap before
{Heap before GC invocations=3312 (full 2):
 garbage-first heap   total 73728K, used 36440K [0x00000000c1e00000, 0x0000000100000000)
  region size 1024K, 3 young (3072K), 1 survivors (1024K)
 Metaspace       used 59716K, committed 60352K, reserved 1105920K
  class space    used 6866K, committed 7168K, reserved 1048576K
}

