# JRE version: OpenJDK Runtime Environment (16.0.2+7) (build 16.0.2+7-67)
# Java VM: OpenJDK 64-Bit Server VM (16.0.2+7-67, mixed mode, sharing, tiered, compressed oops, compressed class ptrs, g1 gc, windows-amd64)
GC Precious Log:
 CPUs: 4 total, 4 available
 Memory: 3974M
 Large Page Support: Disabled
 NUMA Support: Disabled
 Compressed Oops: Enabled (32-bit)
 Heap Region Size: 1M
 Heap Min Capacity: 8M
 Heap Initial Capacity: 64M
 Heap Max Capacity: 994M
 Pre-touch: Disabled
 Parallel Workers: 4
 Concurrent Workers: 1
 Concurrent Refinement Workers: 4
 Periodic GC: Disabled
Heap:
 garbage-first heap   total 106496K, used 76658K [0x00000000c1e00000, 0x0000000100000000)
  region size 1024K, 49 young (50176K), 2 survivors (2048K)
 Metaspace       used 60372K, committed 60928K, reserved 1105920K
  class space    used 6845K, committed 7104K, reserved 1048576K
GC Heap History (20 events):
Event: 463806.050 GC heap before
{Heap before GC invocations=720 (full 0):
 garbage-first heap   total 102400K, used 88326K [0x00000000c1e00000, 0x0000000100000000)
  region size 1024K, 60 young (61440K), 2 survivors (2048K)
 Metaspace       used 60341K, committed 60864K, reserved 1105920K
  class space    used 6844K, committed 7104K, reserved 1048576K
}
Event: 463806.370 GC heap after
{Heap after GC invocations=721 (full 0):
 garbage-first heap   total 102400K, used 29222K [0x00000000c1e00000, 0x0000000100000000)
  region size 1024K, 2 young (2048K), 2 survivors (2048K)
 Metaspace       used 60341K, committed 60864K, reserved 1105920K
  class space    used 6844K, committed 7104K, reserved 1048576K
}
Event: 464251.087 GC heap before
{Heap before GC invocations=722 (full 0):
 garbage-first heap   total 102400K, used 88614K [0x00000000c1e00000, 0x0000000100000000)
  region size 1024K, 60 young (61440K), 2 survivors (2048K)
 Metaspace       used 60326K, committed 60864K, reserved 1105920K
  class space    used 6841K, committed 7104K, reserved 1048576K
}
Event: 464251.386 GC heap after
{Heap after GC invocations=723 (full 0):
 garbage-first heap   total 102400K, used 28737K [0x00000000c1e00000, 0x0000000100000000)
  region size 1024K, 1 young (1024K), 1 survivors (1024K)
 Metaspace       used 60326K, committed 60864K, reserved 1105920K
  class space    used 6841K, committed 7104K, reserved 1048576K
}
Event: 464698.046 GC heap before
{Heap before GC invocations=723 (full 0):
 garbage-first heap   total 102400K, used 89153K [0x00000000c1e00000, 0x0000000100000000)
  region size 1024K, 60 young (61440K), 1 survivors (1024K)
 Metaspace       used 60326K, committed 60864K, reserved 1105920K
  class space    used 6841K, committed 7104K, reserved 1048576K
}
Event: 464698.340 GC heap after
{Heap after GC invocations=724 (full 0):
 garbage-first heap   total 102400K, used 28609K [0x00000000c1e00000, 0x0000000100000000)
  region size 1024K, 1 young (1024K), 1 survivors (1024K)
 Metaspace       used 60326K, committed 60864K, reserved 1105920K
  class space    used 6841K, committed 7104K, reserved 1048576K
}
Event: 465152.500 GC heap before
{Heap before GC invocations=725 (full 0):
 garbage-first heap   total 102400K, used 89025K [0x00000000c1e00000, 0x0000000100000000)
  region size 1024K, 60 young (61440K), 1 survivors (1024K)
 Metaspace       used 60326K, committed 60864K, reserved 1105920K
  class space    used 6841K, committed 7104K, reserved 1048576K
}
Event: 465152.690 GC heap after
{Heap after GC invocations=726 (full 0):
 garbage-first heap   total 102400K, used 28568K [0x00000000c1e00000, 0x0000000100000000)
  region size 1024K, 1 young (1024K), 1 survivors (1024K)
 Metaspace       used 60326K, committed 60864K, reserved 1105920K
  class space    used 6841K, committed 7104K, reserved 1048576K
}
Event: 465478.701 GC heap before
{Heap before GC invocations=726 (full 0):
 garbage-first heap   total 102400K, used 88984K [0x00000000c1e00000, 0x0000000100000000)
  region size 1024K, 60 young (61440K), 1 survivors (1024K)
 Metaspace       used 60340K, committed 60864K, reserved 1105920K
  class space    used 6843K, committed 7104K, reserved 1048576K
}
Event: 465478.863 GC heap after
{Heap after GC invocations=727 (full 0):
 garbage-first heap   total 102400K, used 28871K [0x00000000c1e00000, 0x0000000100000000)
  region size 1024K, 2 young (2048K), 2 survivors (2048K)
 Metaspace       used 60340K, committed 60864K, reserved 1105920K
  class space    used 6843K, committed 7104K, reserved 1048576K
}
Event: 465911.243 GC heap before
{Heap before GC invocations=728 (full 0):
 garbage-first heap   total 102400K, used 88263K [0x00000000c1e00000, 0x0000000100000000)
  region size 1024K, 60 young (61440K), 2 survivors (2048K)
 Metaspace       used 60340K, committed 60864K, reserved 1105920K
  class space    used 6843K, committed 7104K, reserved 1048576K
}
Event: 465911.366 GC heap after
{Heap after GC invocations=729 (full 0):
 garbage-first heap   total 102400K, used 28667K [0x00000000c1e00000, 0x0000000100000000)
  region size 1024K, 1 young (1024K), 1 survivors (1024K)
 Metaspace       used 60340K, committed 60864K, reserved 1105920K
  class space    used 6843K, committed 7104K, reserved 1048576K
}
Event: 466360.970 GC heap before
{Heap before GC invocations=729 (full 0):
 garbage-first heap   total 102400K, used 89083K [0x00000000c1e00000, 0x0000000100000000)
  region size 1024K, 60 young (61440K), 1 survivors (1024K)
 Metaspace       used 60340K, committed 60864K, reserved 1105920K
  class space    used 6843K, committed 7104K, reserved 1048576K
}
Event: 466361.312 GC heap after
{Heap after GC invocations=730 (full 0):
 garbage-first heap   total 102400K, used 28484K [0x00000000c1e00000, 0x0000000100000000)
  region size 1024K, 1 young (1024K), 1 survivors (1024K)
 Metaspace       used 60340K, committed 60864K, reserved 1105920K
  class space    used 6843K, committed 7104K, reserved 1048576K
}
Event: 466804.750 GC heap before
{Heap before GC invocations=731 (full 0):
 garbage-first heap   total 102400K, used 88900K [0x00000000c1e00000, 0x0000000100000000)
  region size 1024K, 60 young (61440K), 1 survivors (1024K)
 Metaspace       used 60340K, committed 60864K, reserved 1105920K
  class space    used 6843K, committed 7104K, reserved 1048576K
}
Event: 466804.961 GC heap after
{Heap after GC invocations=732 (full 0):
 garbage-first heap   total 174080K, used 28483K [0x00000000c1e00000, 0x0000000100000000)
  region size 1024K, 1 young (1024K), 1 survivors (1024K)
 Metaspace       used 60340K, committed 60864K, reserved 1105920K
  class space    used 6843K, committed 7104K, reserved 1048576K
}
Event: 467437.524 GC heap before
{Heap before GC invocations=732 (full 0):
 garbage-first heap   total 174080K, used 131907K [0x00000000c1e00000, 0x0000000100000000)
  region size 1024K, 102 young (104448K), 1 survivors (1024K)
 Metaspace       used 60353K, committed 60928K, reserved 1105920K
  class space    used 6845K, committed 7104K, reserved 1048576K
}
Event: 467437.755 GC heap after
{Heap after GC invocations=733 (full 0):
 garbage-first heap   total 174080K, used 28751K [0x00000000c1e00000, 0x0000000100000000)
  region size 1024K, 1 young (1024K), 1 survivors (1024K)
 Metaspace       used 60353K, committed 60928K, reserved 1105920K
  class space    used 6845K, committed 7104K, reserved 1048576K
}
Event: 468215.671 GC heap before
{Heap before GC invocations=733 (full 0):
 garbage-first heap   total 174080K, used 131151K [0x00000000c1e00000, 0x0000000100000000)
  region size 1024K, 102 young (104448K), 1 survivors (1024K)
 Metaspace       used 60371K, committed 60928K, reserved 1105920K
  class space    used 6845K, committed 7104K, reserved 1048576K
}
Event: 468216.045 GC heap after
{Heap after GC invocations=734 (full 0):
 garbage-first heap   total 174080K, used 29554K [0x00000000c1e00000, 0x0000000100000000)
  region size 1024K, 2 young (2048K), 2 survivors (2048K)
 Metaspace       used 60371K, committed 60928K, reserved 1105920K
  class space    used 6845K, committed 7104K, reserved 1048576K
}

